<?xml version="1.0" encoding="UTF-8"?>
<testsuite name="Tests" tests="7" skipped="0" failures="1" errors="0" timestamp="2017-07-07T11:31:36" hostname="MacBook-de-Sergio.local" time="0.314">
  <properties/>
  <testcase name="testOne" classname="Tests" time="0.105"/>
  <testcase name="testSix" classname="Tests" time="0.049"/>
  <testcase name="testTwo" classname="Tests" time="0.038"/>
  <testcase name="testSeven" classname="Tests" time="0.036"/>
  <testcase name="testThree" classname="Tests" time="0.026">
    <failure message="java.lang.AssertionError: &#10;Expected: &quot;UNACC&quot;&#10;     but: was &quot;ACC&quot;" type="java.lang.AssertionError">java.lang.AssertionError: 
Expected: &quot;UNACC&quot;
     but: was &quot;ACC&quot;
	at org.hamcrest.MatcherAssert.assertThat(MatcherAssert.java:20)
	at org.junit.Assert.assertThat(Assert.java:956)
	at org.junit.Assert.assertThat(Assert.java:923)
	at Tests.testEntry(Tests.java:20)
	at Tests.testThree(Tests.java:39)
	at sun.reflect.NativeMethodAccessorImpl.invoke0(Native Method)
	at sun.reflect.NativeMethodAccessorImpl.invoke(NativeMethodAccessorImpl.java:62)
	at sun.reflect.DelegatingMethodAccessorImpl.invoke(DelegatingMethodAccessorImpl.java:43)
	at java.lang.reflect.Method.invoke(Method.java:498)
	at org.junit.runners.model.FrameworkMethod$1.runReflectiveCall(FrameworkMethod.java:50)
	at org.junit.internal.runners.model.ReflectiveCallable.run(ReflectiveCallable.java:12)
	at org.junit.runners.model.FrameworkMethod.invokeExplosively(FrameworkMethod.java:47)
	at org.junit.internal.runners.statements.InvokeMethod.evaluate(InvokeMethod.java:17)
	at org.junit.rules.Verifier$1.evaluate(Verifier.java:35)
	at org.junit.rules.RunRules.evaluate(RunRules.java:20)
	at org.junit.runners.ParentRunner.runLeaf(ParentRunner.java:325)
	at org.junit.runners.BlockJUnit4ClassRunner.runChild(BlockJUnit4ClassRunner.java:78)
	at org.junit.runners.BlockJUnit4ClassRunner.runChild(BlockJUnit4ClassRunner.java:57)
	at org.junit.runners.ParentRunner$3.run(ParentRunner.java:290)
	at org.junit.runners.ParentRunner$1.schedule(ParentRunner.java:71)
	at org.junit.runners.ParentRunner.runChildren(ParentRunner.java:288)
	at org.junit.runners.ParentRunner.access$000(ParentRunner.java:58)
	at org.junit.runners.ParentRunner$2.evaluate(ParentRunner.java:268)
	at org.junit.runners.ParentRunner.run(ParentRunner.java:363)
	at org.gradle.api.internal.tasks.testing.junit.JUnitTestClassExecuter.runTestClass(JUnitTestClassExecuter.java:114)
	at org.gradle.api.internal.tasks.testing.junit.JUnitTestClassExecuter.execute(JUnitTestClassExecuter.java:57)
	at org.gradle.api.internal.tasks.testing.junit.JUnitTestClassProcessor.processTestClass(JUnitTestClassProcessor.java:66)
	at org.gradle.api.internal.tasks.testing.SuiteTestClassProcessor.processTestClass(SuiteTestClassProcessor.java:51)
	at sun.reflect.NativeMethodAccessorImpl.invoke0(Native Method)
	at sun.reflect.NativeMethodAccessorImpl.invoke(NativeMethodAccessorImpl.java:62)
	at sun.reflect.DelegatingMethodAccessorImpl.invoke(DelegatingMethodAccessorImpl.java:43)
	at java.lang.reflect.Method.invoke(Method.java:498)
	at org.gradle.internal.dispatch.ReflectionDispatch.dispatch(ReflectionDispatch.java:35)
	at org.gradle.internal.dispatch.ReflectionDispatch.dispatch(ReflectionDispatch.java:24)
	at org.gradle.internal.dispatch.ContextClassLoaderDispatch.dispatch(ContextClassLoaderDispatch.java:32)
	at org.gradle.internal.dispatch.ProxyDispatchAdapter$DispatchingInvocationHandler.invoke(ProxyDispatchAdapter.java:93)
	at com.sun.proxy.$Proxy1.processTestClass(Unknown Source)
	at org.gradle.api.internal.tasks.testing.worker.TestWorker.processTestClass(TestWorker.java:109)
	at sun.reflect.NativeMethodAccessorImpl.invoke0(Native Method)
	at sun.reflect.NativeMethodAccessorImpl.invoke(NativeMethodAccessorImpl.java:62)
	at sun.reflect.DelegatingMethodAccessorImpl.invoke(DelegatingMethodAccessorImpl.java:43)
	at java.lang.reflect.Method.invoke(Method.java:498)
	at org.gradle.internal.dispatch.ReflectionDispatch.dispatch(ReflectionDispatch.java:35)
	at org.gradle.internal.dispatch.ReflectionDispatch.dispatch(ReflectionDispatch.java:24)
	at org.gradle.internal.remote.internal.hub.MessageHubBackedObjectConnection$DispatchWrapper.dispatch(MessageHubBackedObjectConnection.java:146)
	at org.gradle.internal.remote.internal.hub.MessageHubBackedObjectConnection$DispatchWrapper.dispatch(MessageHubBackedObjectConnection.java:128)
	at org.gradle.internal.remote.internal.hub.MessageHub$Handler.run(MessageHub.java:404)
	at org.gradle.internal.concurrent.ExecutorPolicy$CatchAndRecordFailures.onExecute(ExecutorPolicy.java:63)
	at org.gradle.internal.concurrent.StoppableExecutorImpl$1.run(StoppableExecutorImpl.java:46)
	at java.util.concurrent.ThreadPoolExecutor.runWorker(ThreadPoolExecutor.java:1142)
	at java.util.concurrent.ThreadPoolExecutor$Worker.run(ThreadPoolExecutor.java:617)
	at org.gradle.internal.concurrent.ThreadFactoryImpl$ManagedThreadRunnable.run(ThreadFactoryImpl.java:55)
	at java.lang.Thread.run(Thread.java:748)
</failure>
  </testcase>
  <testcase name="testFive" classname="Tests" time="0.035"/>
  <testcase name="testFour" classname="Tests" time="0.021"/>
  <system-out><![CDATA[Dataset path is: /Users/dev/Desktop/dmcalgorithm/car.data.txt
Centroids:
{1.35, 1.37, 1.45, 0.79, 0.93, 0.75}
{1.35, 1.59, 1.59, 1.48, 1.10, 1.53}
{1.35, 2.67, 1.57, 1.48, 1.04, 1.43}
{1.35, 2.20, 1.77, 1.54, 1.62, 2.00}
Entry: 0.0, 0.0, 0.0, 1.0, 1.0, 1.0, 
Dataset path is: /Users/dev/Desktop/dmcalgorithm/car.data.txt
Centroids:
{1.35, 1.37, 1.45, 0.79, 0.93, 0.75}
{1.35, 1.59, 1.59, 1.48, 1.10, 1.53}
{1.35, 2.67, 1.57, 1.48, 1.04, 1.43}
{1.35, 2.20, 1.77, 1.54, 1.62, 2.00}
Entry: 2.0, 2.0, 0.0, 1.0, 2.0, 2.0, 
Dataset path is: /Users/dev/Desktop/dmcalgorithm/car.data.txt
Centroids:
{1.35, 1.37, 1.45, 0.79, 0.93, 0.75}
{1.35, 1.59, 1.59, 1.48, 1.10, 1.53}
{1.35, 2.67, 1.57, 1.48, 1.04, 1.43}
{1.35, 2.20, 1.77, 1.54, 1.62, 2.00}
Entry: 0.0, 0.0, 1.0, 1.0, 1.0, 0.0, 
Dataset path is: /Users/dev/Desktop/dmcalgorithm/car.data.txt
Centroids:
{1.35, 1.37, 1.45, 0.79, 0.93, 0.75}
{1.35, 1.59, 1.59, 1.48, 1.10, 1.53}
{1.35, 2.67, 1.57, 1.48, 1.04, 1.43}
{1.35, 2.20, 1.77, 1.54, 1.62, 2.00}
Entry: 2.0, 3.0, 0.0, 1.0, 0.0, 2.0, 
Dataset path is: /Users/dev/Desktop/dmcalgorithm/car.data.txt
Centroids:
{1.35, 1.37, 1.45, 0.79, 0.93, 0.75}
{1.35, 1.59, 1.59, 1.48, 1.10, 1.53}
{1.35, 2.67, 1.57, 1.48, 1.04, 1.43}
{1.35, 2.20, 1.77, 1.54, 1.62, 2.00}
Entry: 0.0, 0.0, 3.0, 2.0, 0.0, 2.0, 
Dataset path is: /Users/dev/Desktop/dmcalgorithm/car.data.txt
Centroids:
{1.35, 1.37, 1.45, 0.79, 0.93, 0.75}
{1.35, 1.59, 1.59, 1.48, 1.10, 1.53}
{1.35, 2.67, 1.57, 1.48, 1.04, 1.43}
{1.35, 2.20, 1.77, 1.54, 1.62, 2.00}
Entry: 2.0, 0.0, 0.0, 1.0, 1.0, 2.0, 
Dataset path is: /Users/dev/Desktop/dmcalgorithm/car.data.txt
Centroids:
{1.35, 1.37, 1.45, 0.79, 0.93, 0.75}
{1.35, 1.59, 1.59, 1.48, 1.10, 1.53}
{1.35, 2.67, 1.57, 1.48, 1.04, 1.43}
{1.35, 2.20, 1.77, 1.54, 1.62, 2.00}
Entry: 3.0, 3.0, 3.0, 1.0, 2.0, 2.0, 
]]></system-out>
  <system-err><![CDATA[]]></system-err>
</testsuite>
